<?xml version="1.0" encoding="UTF-8" ?>
<testsuites id="2025-12-30" name="report_1" tests="12" failures="0" skipped="0" flaky="0" time="0.000">
	<testsuite id="0" name="test_trait" package="" timestamp="2025-12-30T02:45:59" hostname="localhost" tests="3" failures="0" errors="0" skipped="0" flaky="0" time="0.165">
		<testcase name="test_trait_add_metadata" classname="test_trait" time="0.048">
		</testcase>
		<testcase name="test_trait_add_metadata_extended" classname="test_trait" time="0.034">
		</testcase>
		<testcase name="test_trait_add_metadata_extended_with_class_name" classname="test_trait" time="0.034">
		</testcase>
	</testsuite>
	<testsuite id="1" name="test_scene_manager" package="" timestamp="2025-12-30T02:46:00" hostname="localhost" tests="4" failures="0" errors="0" skipped="0" flaky="0" time="17.166">
		<testcase name="test_change_scene" classname="test_scene_manager" time="1.998">
		</testcase>
		<testcase name="test_change_scene_with_transition" classname="test_scene_manager" time="10.034">
		</testcase>
		<testcase name="test_push_scene" classname="test_scene_manager" time="2.033">
		</testcase>
		<testcase name="test_pop_scene" classname="test_scene_manager" time="3.033">
		</testcase>
	</testsuite>
	<testsuite id="2" name="test_mission_manager" package="" timestamp="2025-12-30T02:46:17" hostname="localhost" tests="5" failures="0" errors="0" skipped="0" flaky="0" time="0.159">
		<testcase name="test_mission_manager_get_mission" classname="test_mission_manager" time="0.003">
		</testcase>
		<testcase name="test_mission_manager_add_mission" classname="test_mission_manager" time="0.014">
		</testcase>
		<testcase name="test_mission_manager_remove_mission" classname="test_mission_manager" time="0.016">
		</testcase>
		<testcase name="test_mission_manager_inc_progess" classname="test_mission_manager" time="0.018">
		</testcase>
		<testcase name="test_mission_manager_dec_progess" classname="test_mission_manager" time="0.016">
		</testcase>
	</testsuite>
</testsuites>
